The push refers to repository [ghcr.io/rri197/cmpt756db]
ed100d45e3ba: Preparing
311e82536fc5: Preparing
192e07b6058f: Preparing
d7abab5b25b3: Preparing
1d70a1a1f370: Preparing
1c1dfd72029c: Preparing
3382a8f4aa7e: Preparing
3c08bad1e0e1: Preparing
d80c74ef0232: Preparing
3ba395cfe109: Preparing
95cff0b90fb3: Preparing
1c1dfd72029c: Waiting
3382a8f4aa7e: Waiting
3c08bad1e0e1: Waiting
d80c74ef0232: Waiting
3ba395cfe109: Waiting
95cff0b90fb3: Waiting
1d70a1a1f370: Layer already exists
ed100d45e3ba: Layer already exists
311e82536fc5: Layer already exists
192e07b6058f: Layer already exists
d7abab5b25b3: Layer already exists
1c1dfd72029c: Layer already exists
3ba395cfe109: Layer already exists
3c08bad1e0e1: Layer already exists
d80c74ef0232: Layer already exists
3382a8f4aa7e: Layer already exists
95cff0b90fb3: Layer already exists
v1: digest: sha256:35a4576244190a218b87dd26c78762b8181e50276432df6b004fd390a6fbbac0 size: 2614
