2022-03-18 13:45:47 [ℹ]  eksctl version 0.77.0
2022-03-18 13:45:47 [ℹ]  using region us-west-2
2022-03-18 13:45:47 [ℹ]  deleting EKS cluster "aws756"
2022-03-18 13:45:47 [ℹ]  will drain 0 unmanaged nodegroup(s) in cluster "aws756"
2022-03-18 13:45:48 [ℹ]  deleted 0 Fargate profile(s)
2022-03-18 13:45:48 [✔]  kubeconfig has been updated
2022-03-18 13:45:48 [ℹ]  cleaning up AWS load balancers created by Kubernetes objects of Kind Service or Ingress
2022-03-18 13:46:15 [ℹ]  
2 sequential tasks: { delete nodegroup "worker-nodes", delete cluster control plane "aws756" [async] 
}
2022-03-18 13:46:16 [ℹ]  will delete stack "eksctl-aws756-nodegroup-worker-nodes"
2022-03-18 13:46:16 [ℹ]  waiting for stack "eksctl-aws756-nodegroup-worker-nodes" to get deleted
2022-03-18 13:46:16 [ℹ]  waiting for CloudFormation stack "eksctl-aws756-nodegroup-worker-nodes"
2022-03-18 13:46:32 [ℹ]  waiting for CloudFormation stack "eksctl-aws756-nodegroup-worker-nodes"
2022-03-18 13:46:49 [ℹ]  waiting for CloudFormation stack "eksctl-aws756-nodegroup-worker-nodes"
2022-03-18 13:47:09 [ℹ]  waiting for CloudFormation stack "eksctl-aws756-nodegroup-worker-nodes"
2022-03-18 13:47:26 [ℹ]  waiting for CloudFormation stack "eksctl-aws756-nodegroup-worker-nodes"
2022-03-18 13:47:46 [ℹ]  waiting for CloudFormation stack "eksctl-aws756-nodegroup-worker-nodes"
2022-03-18 13:48:05 [ℹ]  waiting for CloudFormation stack "eksctl-aws756-nodegroup-worker-nodes"
2022-03-18 13:48:24 [ℹ]  waiting for CloudFormation stack "eksctl-aws756-nodegroup-worker-nodes"
2022-03-18 13:48:41 [ℹ]  waiting for CloudFormation stack "eksctl-aws756-nodegroup-worker-nodes"
2022-03-18 13:48:59 [ℹ]  waiting for CloudFormation stack "eksctl-aws756-nodegroup-worker-nodes"
2022-03-18 13:49:16 [ℹ]  waiting for CloudFormation stack "eksctl-aws756-nodegroup-worker-nodes"
2022-03-18 13:49:32 [ℹ]  waiting for CloudFormation stack "eksctl-aws756-nodegroup-worker-nodes"
2022-03-18 13:49:51 [ℹ]  waiting for CloudFormation stack "eksctl-aws756-nodegroup-worker-nodes"
2022-03-18 13:50:07 [ℹ]  waiting for CloudFormation stack "eksctl-aws756-nodegroup-worker-nodes"
2022-03-18 13:50:23 [ℹ]  waiting for CloudFormation stack "eksctl-aws756-nodegroup-worker-nodes"
2022-03-18 13:50:41 [ℹ]  waiting for CloudFormation stack "eksctl-aws756-nodegroup-worker-nodes"
2022-03-18 13:50:56 [ℹ]  waiting for CloudFormation stack "eksctl-aws756-nodegroup-worker-nodes"
2022-03-18 13:51:14 [ℹ]  waiting for CloudFormation stack "eksctl-aws756-nodegroup-worker-nodes"
2022-03-18 13:51:31 [ℹ]  waiting for CloudFormation stack "eksctl-aws756-nodegroup-worker-nodes"
2022-03-18 13:51:50 [ℹ]  waiting for CloudFormation stack "eksctl-aws756-nodegroup-worker-nodes"
2022-03-18 13:52:08 [ℹ]  waiting for CloudFormation stack "eksctl-aws756-nodegroup-worker-nodes"
2022-03-18 13:52:27 [ℹ]  waiting for CloudFormation stack "eksctl-aws756-nodegroup-worker-nodes"
2022-03-18 13:52:44 [ℹ]  waiting for CloudFormation stack "eksctl-aws756-nodegroup-worker-nodes"
2022-03-18 13:53:03 [ℹ]  waiting for CloudFormation stack "eksctl-aws756-nodegroup-worker-nodes"
2022-03-18 13:53:20 [ℹ]  waiting for CloudFormation stack "eksctl-aws756-nodegroup-worker-nodes"
2022-03-18 13:53:36 [ℹ]  waiting for CloudFormation stack "eksctl-aws756-nodegroup-worker-nodes"
2022-03-18 13:53:36 [ℹ]  will delete stack "eksctl-aws756-cluster"
2022-03-18 13:53:36 [✔]  all cluster resources were deleted
