2022-02-04 12:08:21 [ℹ]  eksctl version 0.77.0
2022-02-04 12:08:21 [ℹ]  using region us-west-2
2022-02-04 12:08:21 [ℹ]  will use version 1.21 for new nodegroup(s) based on control plane version
2022-02-04 12:08:23 [ℹ]  nodegroup "worker-nodes" will use "" [AmazonLinux2/1.21]
2022-02-04 12:08:23 [ℹ]  1 nodegroup (worker-nodes) was included (based on the include/exclude rules)
2022-02-04 12:08:23 [ℹ]  will create a CloudFormation stack for each of 1 managed nodegroups in cluster "aws756"
2022-02-04 12:08:23 [ℹ]  
2 sequential tasks: { fix cluster compatibility, 1 task: { 1 task: { create managed nodegroup "worker-nodes" } } 
}
2022-02-04 12:08:23 [ℹ]  checking cluster stack for missing resources
2022-02-04 12:08:24 [ℹ]  cluster stack has all required resources
2022-02-04 12:08:24 [ℹ]  building managed nodegroup stack "eksctl-aws756-nodegroup-worker-nodes"
2022-02-04 12:08:24 [ℹ]  deploying stack "eksctl-aws756-nodegroup-worker-nodes"
2022-02-04 12:08:24 [ℹ]  waiting for CloudFormation stack "eksctl-aws756-nodegroup-worker-nodes"
2022-02-04 12:08:40 [ℹ]  waiting for CloudFormation stack "eksctl-aws756-nodegroup-worker-nodes"
2022-02-04 12:08:57 [ℹ]  waiting for CloudFormation stack "eksctl-aws756-nodegroup-worker-nodes"
2022-02-04 12:09:17 [ℹ]  waiting for CloudFormation stack "eksctl-aws756-nodegroup-worker-nodes"
2022-02-04 12:09:34 [ℹ]  waiting for CloudFormation stack "eksctl-aws756-nodegroup-worker-nodes"
2022-02-04 12:09:54 [ℹ]  waiting for CloudFormation stack "eksctl-aws756-nodegroup-worker-nodes"
2022-02-04 12:10:14 [ℹ]  waiting for CloudFormation stack "eksctl-aws756-nodegroup-worker-nodes"
2022-02-04 12:10:33 [ℹ]  waiting for CloudFormation stack "eksctl-aws756-nodegroup-worker-nodes"
2022-02-04 12:10:50 [ℹ]  waiting for CloudFormation stack "eksctl-aws756-nodegroup-worker-nodes"
2022-02-04 12:11:07 [ℹ]  waiting for CloudFormation stack "eksctl-aws756-nodegroup-worker-nodes"
2022-02-04 12:11:24 [ℹ]  waiting for CloudFormation stack "eksctl-aws756-nodegroup-worker-nodes"
2022-02-04 12:11:41 [ℹ]  waiting for CloudFormation stack "eksctl-aws756-nodegroup-worker-nodes"
2022-02-04 12:11:59 [ℹ]  waiting for CloudFormation stack "eksctl-aws756-nodegroup-worker-nodes"
2022-02-04 12:11:59 [ℹ]  no tasks
2022-02-04 12:11:59 [✔]  created 0 nodegroup(s) in cluster "aws756"
2022-02-04 12:12:00 [ℹ]  nodegroup "worker-nodes" has 2 node(s)
2022-02-04 12:12:00 [ℹ]  node "ip-192-168-26-76.us-west-2.compute.internal" is ready
2022-02-04 12:12:00 [ℹ]  node "ip-192-168-73-83.us-west-2.compute.internal" is ready
2022-02-04 12:12:00 [ℹ]  waiting for at least 2 node(s) to become ready in "worker-nodes"
2022-02-04 12:12:00 [ℹ]  nodegroup "worker-nodes" has 2 node(s)
2022-02-04 12:12:00 [ℹ]  node "ip-192-168-26-76.us-west-2.compute.internal" is ready
2022-02-04 12:12:00 [ℹ]  node "ip-192-168-73-83.us-west-2.compute.internal" is ready
2022-02-04 12:12:00 [✔]  created 1 managed nodegroup(s) in cluster "aws756"
2022-02-04 12:12:00 [ℹ]  checking security group configuration for all nodegroups
2022-02-04 12:12:00 [ℹ]  all nodegroups have up-to-date cloudformation templates
