The push refers to repository [ghcr.io/rri197/cmpt756loader]
05baa1241211: Preparing
3c2a52119541: Preparing
0e548b8fe4f6: Preparing
d7abab5b25b3: Preparing
1d70a1a1f370: Preparing
1c1dfd72029c: Preparing
3382a8f4aa7e: Preparing
3c08bad1e0e1: Preparing
d80c74ef0232: Preparing
3ba395cfe109: Preparing
95cff0b90fb3: Preparing
3382a8f4aa7e: Waiting
3c08bad1e0e1: Waiting
d80c74ef0232: Waiting
1c1dfd72029c: Waiting
95cff0b90fb3: Waiting
3c2a52119541: Layer already exists
0e548b8fe4f6: Layer already exists
05baa1241211: Layer already exists
d7abab5b25b3: Layer already exists
1d70a1a1f370: Layer already exists
1c1dfd72029c: Layer already exists
3382a8f4aa7e: Layer already exists
3c08bad1e0e1: Layer already exists
3ba395cfe109: Layer already exists
d80c74ef0232: Layer already exists
95cff0b90fb3: Layer already exists
v1: digest: sha256:e1ca14a5c848f29d8dd61f346bd471a9df15424b9d6669551a4cccbf503d5efe size: 2612
