The push refers to repository [ghcr.io/rri197/cmpt756s3]
8f4b25f3ddbe: Preparing
9784fdb20196: Preparing
870d4aac1598: Preparing
d7abab5b25b3: Preparing
1d70a1a1f370: Preparing
1c1dfd72029c: Preparing
3382a8f4aa7e: Preparing
3c08bad1e0e1: Preparing
d80c74ef0232: Preparing
3ba395cfe109: Preparing
95cff0b90fb3: Preparing
1c1dfd72029c: Waiting
3382a8f4aa7e: Waiting
3c08bad1e0e1: Waiting
3ba395cfe109: Waiting
d80c74ef0232: Waiting
95cff0b90fb3: Waiting
9784fdb20196: Layer already exists
1d70a1a1f370: Layer already exists
d7abab5b25b3: Layer already exists
870d4aac1598: Layer already exists
1c1dfd72029c: Layer already exists
3c08bad1e0e1: Layer already exists
3382a8f4aa7e: Layer already exists
d80c74ef0232: Layer already exists
3ba395cfe109: Layer already exists
95cff0b90fb3: Layer already exists
8f4b25f3ddbe: Pushed
v1: digest: sha256:f11d0a6468f75dd0f0b96b41c4ff27700d063a17981125eedec81d50a10baf3f size: 2615
